<?xml version="1.0" encoding="UTF-8"?>
<!-- Generated by org.testng.reporters.JUnitReportReporter -->
<testsuite hostname="HARRY" failures="0" tests="1" name="testPackage.SearchTest" time="3.994" errors="0" timestamp="2024-03-10T15:35:15 EDT" skipped="0">
  <testcase classname="testPackage.SearchTest" name="NavigateToNextPage" time="3.994"/>
</testsuite> <!-- testPackage.SearchTest -->
