<?xml version="1.0" encoding="UTF-8"?>
<!-- Generated by org.testng.reporters.JUnitReportReporter -->
<testsuite hostname="HARRY" failures="0" tests="2" name="testPackage.Signin_test" time="15.722" errors="0" timestamp="2024-03-10T00:19:45 EST" skipped="0">
  <testcase classname="testPackage.Signin_test" name="testSigninInvalidCredentials" time="7.792"/>
  <testcase classname="testPackage.Signin_test" name="testSignInValidCredentials" time="7.930"/>
</testsuite> <!-- testPackage.Signin_test -->
