<?xml version="1.0" encoding="UTF-8"?>
<!-- Generated by org.testng.reporters.JUnitReportReporter -->
<testsuite hostname="HARRY" failures="0" tests="3" name="testPackage.Signup_test" time="19.522" errors="0" timestamp="2024-03-10T00:20:16 EST" skipped="0">
  <testcase classname="testPackage.Signup_test" name="SignUp_InvalidData" time="6.120"/>
  <testcase classname="testPackage.Signup_test" name="SignUp_ValidData" time="6.864"/>
  <testcase classname="testPackage.Signup_test" name="SignUp_duplicateEMailAddress" time="6.538"/>
</testsuite> <!-- testPackage.Signup_test -->
