<?xml version="1.0" encoding="UTF-8"?>
<!-- Generated by org.testng.reporters.JUnitReportReporter -->
<testsuite hostname="HARRY" failures="0" tests="1" name="testPackage.Signup_test" time="3.485" errors="0" timestamp="2024-03-07T23:55:02 EST" skipped="0">
  <testcase classname="testPackage.Signup_test" name="typeYname" time="3.485"/>
</testsuite> <!-- testPackage.Signup_test -->
