<?xml version="1.0" encoding="UTF-8"?>
<!-- Generated by org.testng.reporters.JUnitReportReporter -->
<testsuite hostname="HARRY" failures="0" tests="1" name="testPackage.Signin_test" time="5.285" errors="0" timestamp="2024-03-09T14:13:39 EST" skipped="0">
  <testcase classname="testPackage.Signin_test" name="testSigninInvalidCredentials" time="5.285"/>
</testsuite> <!-- testPackage.Signin_test -->
