<?xml version="1.0" encoding="UTF-8"?>
<!-- Generated by org.testng.reporters.JUnitReportReporter -->
<testsuite hostname="HARRY" failures="0" tests="1" name="testPackage.Signup_test" time="4.893" errors="0" timestamp="2024-03-09T12:47:06 EST" skipped="0">
  <testcase classname="testPackage.Signup_test" name="SignUp_duplicateEMailAddress" time="4.893"/>
</testsuite> <!-- testPackage.Signup_test -->
