<?xml version="1.0" encoding="UTF-8"?>
<!-- Generated by org.testng.reporters.JUnitReportReporter -->
<testsuite hostname="HARRY" failures="0" tests="3" name="testPackage.SearchTest" time="31.192" errors="0" timestamp="2024-03-10T00:18:41 EST" skipped="0">
  <testcase classname="testPackage.SearchTest" name="applyFilter" time="12.911"/>
  <testcase classname="testPackage.SearchTest" name="search" time="9.156"/>
  <testcase classname="testPackage.SearchTest" name="sortByPriceAscending" time="9.125"/>
</testsuite> <!-- testPackage.SearchTest -->
